# JRE version: OpenJDK Runtime Environment JBR-11.0.10.9-1341.35-dcevm (11.0.10+9) (build 11.0.10+9-b1341.35)
# Java VM: Dynamic Code Evolution 64-Bit Server VM JBR-11.0.10.9-1341.35-dcevm (11.0.10+9-b1341.35, mixed mode, tiered, compressed oops, g1 gc, windows-amd64)
Heap:
 garbage-first heap   total 131072K, used 34801K [0x00000000d1200000, 0x0000000100000000)
  region size 1024K, 33 young (33792K), 3 survivors (3072K)
 Metaspace       used 18532K, capacity 19045K, committed 19200K, reserved 1067008K
  class space    used 1793K, capacity 1959K, committed 2048K, reserved 1048576K
GC Heap History (6 events):
Event: 3.115 GC heap before
{Heap before GC invocations=0 (full 0):
 garbage-first heap   total 131072K, used 14336K [0x00000000d1200000, 0x0000000100000000)
  region size 1024K, 14 young (14336K), 0 survivors (0K)
 Metaspace       used 13737K, capacity 14101K, committed 14336K, reserved 1062912K
  class space    used 1402K, capacity 1517K, committed 1536K, reserved 1048576K
}
Event: 3.126 GC heap after
{Heap after GC invocations=1 (full 0):
 garbage-first heap   total 131072K, used 3424K [0x00000000d1200000, 0x0000000100000000)
  region size 1024K, 2 young (2048K), 2 survivors (2048K)
 Metaspace       used 13737K, capacity 14101K, committed 14336K, reserved 1062912K
  class space    used 1402K, capacity 1517K, committed 1536K, reserved 1048576K
}
Event: 4.628 GC heap before
{Heap before GC invocations=1 (full 0):
 garbage-first heap   total 131072K, used 14688K [0x00000000d1200000, 0x0000000100000000)
  region size 1024K, 13 young (13312K), 2 survivors (2048K)
 Metaspace       used 16849K, capacity 17273K, committed 17536K, reserved 1064960K
  class space    used 1712K, capacity 1840K, committed 1920K, reserved 1048576K
}
Event: 4.637 GC heap after
{Heap after GC invocations=2 (full 0):
 garbage-first heap   total 131072K, used 5707K [0x00000000d1200000, 0x0000000100000000)
  region size 1024K, 2 young (2048K), 2 survivors (2048K)
 Metaspace       used 16849K, capacity 17273K, committed 17536K, reserved 1064960K
  class space    used 1712K, capacity 1840K, committed 1920K, reserved 1048576K
}
Event: 2507.129 GC heap before
{Heap before GC invocations=2 (full 0):
 garbage-first heap   total 131072K, used 33355K [0x00000000d1200000, 0x0000000100000000)
  region size 1024K, 29 young (29696K), 2 survivors (2048K)
 Metaspace       used 18188K, capacity 18693K, committed 18944K, reserved 1067008K
  class space    used 1784K, capacity 1954K, committed 2048K, reserved 1048576K
}
Event: 2507.176 GC heap after
{Heap after GC invocations=3 (full 0):
 garbage-first heap   total 131072K, used 6129K [0x00000000d1200000, 0x0000000100000000)
  region size 1024K, 3 young (3072K), 3 survivors (3072K)
 Metaspace       used 18188K, capacity 18693K, committed 18944K, reserved 1067008K
  class space    used 1784K, capacity 1954K, committed 2048K, reserved 1048576K
}

